<?xml version="1.0" encoding="UTF-8"?>
<!-- Generated by org.testng.reporters.JUnitReportReporter -->
<testsuite hostname="DESKTOP-DEHT9U4" failures="0" tests="3" name="selenium.Annotation_Example" time="0.014" errors="0" timestamp="2021-11-09T11:42:07 IST" skipped="0">
  <testcase classname="selenium.Annotation_Example" name="checkTitle" time="0.011"/>
  <system-out/>
  <testcase classname="selenium.Annotation_Example" name="click_element" time="0.002"/>
  <system-out/>
  <testcase classname="selenium.Annotation_Example" name="starting" time="0.001"/>
  <system-out/>
</testsuite> <!-- selenium.Annotation_Example -->
