<?xml version="1.0" encoding="UTF-8"?>
<!-- Generated by org.testng.reporters.JUnitReportReporter -->
<testsuite hostname="DESKTOP-DEHT9U4" failures="0" tests="3" name="selenium.ListenerUse" time="9.084" errors="0" timestamp="2021-11-10T11:29:25 IST" skipped="1">
  <testcase classname="selenium.ListenerUse" name="openbrowser" time="4.896"/>
  <system-out/>
  <testcase classname="selenium.ListenerUse" name="CloseBrowser" time="4.185"/>
  <system-out>
    <![CDATA[Driver Closed After Testing]]>
  </system-out>
  <testcase classname="selenium.ListenerUse" name="SkipTest" time="0.003">
    <skipped/>
  </testcase> <!-- SkipTest -->
  <system-out/>
</testsuite> <!-- selenium.ListenerUse -->
